<?xml version="1.0" encoding="UTF-8"?>
<!-- Generated by org.testng.reporters.JUnitReportReporter -->
<testsuite hostname="Home" name="com.qa.guru99.testcases.HomepageTest" tests="2" failures="0" timestamp="15 Jul 2019 15:03:13 GMT" time="43.806" errors="0">
  <testcase name="verifyHomepage_title" time="15.581" classname="com.qa.guru99.testcases.HomepageTest"/>
  <testcase name="verifyHomepage_title" time="28.225" classname="com.qa.guru99.testcases.HomepageTest"/>
</testsuite> <!-- com.qa.guru99.testcases.HomepageTest -->
